<?xml version="1.0" encoding="UTF-8"?>
<!-- Generated by org.testng.reporters.JUnitXMLReporter -->
<testsuite hostname="MEL999W7L3161" ignored="0" name="Test" tests="5" failures="0" timestamp="10 May 2017 08:36:20 GMT" time="9.902" errors="0">
  <testcase name="@BeforeMethod invokeDriver" time="3.35" classname="com.dpr.testCases.testLogin">
    <failure type="org.openqa.selenium.WebDriverException" message="Failed to decode response from marionette
Build info: version: &amp;apos;3.4.0&amp;apos;, revision: &amp;apos;unknown&amp;apos;, time: &amp;apos;unknown&amp;apos;
System info: host: &amp;apos;MEL999W7L3161&amp;apos;, ip: &amp;apos;10.28.40.66&amp;apos;, os.name: &amp;apos;Windows 7&amp;apos;, os.arch: &amp;apos;amd64&amp;apos;, os.version: &amp;apos;6.1&amp;apos;, java.version: &amp;apos;1.8.0_101&amp;apos;
Driver info: org.openqa.selenium.firefox.FirefoxDriver
Capabilities [{moz:profile=C:\Users\shettyr\AppData\Local\Temp\rust_mozprofile.KaRoXNu2ceEV, rotatable=false, timeouts={implicit=0.0, pageLoad=300000.0, script=30000.0}, pageLoadStrategy=normal, platform=ANY, specificationLevel=0.0, moz:accessibilityChecks=false, acceptInsecureCerts=true, browserVersion=53.0.2, platformVersion=6.1, moz:processID=10468.0, browserName=firefox, javascriptEnabled=true, platformName=windows_nt}]
Session ID: a2c3e22e-6f48-48ee-adf1-ec0bf73de51e">
      <![CDATA[org.openqa.selenium.WebDriverException: Failed to decode response from marionette
Build info: version: '3.4.0', revision: 'unknown', time: 'unknown'
System info: host: 'MEL999W7L3161', ip: '10.28.40.66', os.name: 'Windows 7', os.arch: 'amd64', os.version: '6.1', java.version: '1.8.0_101'
Driver info: org.openqa.selenium.firefox.FirefoxDriver
Capabilities [{moz:profile=C:\Users\shettyr\AppData\Local\Temp\rust_mozprofile.KaRoXNu2ceEV, rotatable=false, timeouts={implicit=0.0, pageLoad=300000.0, script=30000.0}, pageLoadStrategy=normal, platform=ANY, specificationLevel=0.0, moz:accessibilityChecks=false, acceptInsecureCerts=true, browserVersion=53.0.2, platformVersion=6.1, moz:processID=10468.0, browserName=firefox, javascriptEnabled=true, platformName=windows_nt}]
Session ID: a2c3e22e-6f48-48ee-adf1-ec0bf73de51e
	at org.openqa.selenium.remote.http.W3CHttpResponseCodec.createException(W3CHttpResponseCodec.java:150)
	at org.openqa.selenium.remote.http.W3CHttpResponseCodec.decode(W3CHttpResponseCodec.java:115)
	at org.openqa.selenium.remote.http.W3CHttpResponseCodec.decode(W3CHttpResponseCodec.java:45)
	at org.openqa.selenium.remote.HttpCommandExecutor.execute(HttpCommandExecutor.java:164)
	at org.openqa.selenium.remote.service.DriverCommandExecutor.execute(DriverCommandExecutor.java:82)
	at org.openqa.selenium.remote.RemoteWebDriver.execute(RemoteWebDriver.java:637)
	at org.openqa.selenium.remote.RemoteWebDriver$RemoteWebDriverOptions$RemoteTimeouts.implicitlyWait(RemoteWebDriver.java:868)
	at com.dpr.driver.DriverFactory.createNewDriverInstance(DriverFactory.java:76)
	at com.dpr.driver.DriverFactory.initialize(DriverFactory.java:46)
	at com.dpr.driver.DriverFactory.<init>(DriverFactory.java:39)
	at com.dpr.testCases.testLogin.invokeDriver(testLogin.java:21)
... Removed 31 stack frames]]>
    </failure>
  </testcase> <!-- @BeforeMethod invokeDriver -->
  <testcase name="@BeforeMethod invokeDriver" time="0.0" classname="com.dpr.testCases.testLogin">
    <skipped/>
  </testcase> <!-- @BeforeMethod invokeDriver -->
  <testcase name="@BeforeMethod invokeDriver" time="0.0" classname="com.dpr.testCases.testLogin">
    <skipped/>
  </testcase> <!-- @BeforeMethod invokeDriver -->
  <testcase name="@BeforeMethod invokeDriver" time="0.0" classname="com.dpr.testCases.testLogin">
    <skipped/>
  </testcase> <!-- @BeforeMethod invokeDriver -->
  <testcase name="invalidLoginError" time="0.419" classname="com.dpr.testCases.testLogin"/>
  <testcase name="invalidLoginError" time="0.0" classname="com.dpr.testCases.testLogin">
    <skipped/>
  </testcase> <!-- invalidLoginError -->
  <testcase name="invalidLoginError" time="0.0" classname="com.dpr.testCases.testLogin">
    <skipped/>
  </testcase> <!-- invalidLoginError -->
  <testcase name="invalidLoginError" time="0.0" classname="com.dpr.testCases.testLogin">
    <skipped/>
  </testcase> <!-- invalidLoginError -->
  <testcase name="loginValid" time="0.0" classname="com.dpr.testCases.testLogin">
    <skipped/>
  </testcase> <!-- loginValid -->
</testsuite> <!-- Test -->
